  [1m[35m (86.0ms)[0m  [1m[35mCREATE DATABASE "lotsocats_development" ENCODING = 'unicode'[0m
  ↳ bin/rails:9
  [1m[35m (27.7ms)[0m  [1m[35mCREATE DATABASE "lotsocats_test" ENCODING = 'unicode'[0m
  ↳ bin/rails:9
  [1m[35m (15.2ms)[0m  [1m[35mCREATE TABLE "schema_migrations" ("version" character varying NOT NULL PRIMARY KEY)[0m
  ↳ bin/rails:9
  [1m[35m (2.5ms)[0m  [1m[35mCREATE TABLE "ar_internal_metadata" ("key" character varying NOT NULL PRIMARY KEY, "value" character varying, "created_at" timestamp NOT NULL, "updated_at" timestamp NOT NULL)[0m
  ↳ bin/rails:9
  [1m[35m (0.4ms)[0m  [1m[34mSELECT pg_try_advisory_lock(6463605370077759435)[0m
  ↳ bin/rails:9
  [1m[35m (0.5ms)[0m  [1m[34mSELECT "schema_migrations"."version" FROM "schema_migrations" ORDER BY "schema_migrations"."version" ASC[0m
  ↳ bin/rails:9
Migrating to CreateCats (20211008211554)
  [1m[35m (0.3ms)[0m  [1m[35mBEGIN[0m
  ↳ bin/rails:9
  [1m[35m (5.3ms)[0m  [1m[35mCREATE TABLE "cats" ("id" bigserial primary key, "birth_date" date NOT NULL, "color" character varying NOT NULL, "name" character varying NOT NULL, "sex" character varying(1) NOT NULL, "description" text, "created_at" timestamp NOT NULL, "updated_at" timestamp NOT NULL)[0m
  ↳ db/migrate/20211008211554_create_cats.rb:3
  [1m[36mActiveRecord::SchemaMigration Create (1.0ms)[0m  [1m[32mINSERT INTO "schema_migrations" ("version") VALUES ($1) RETURNING "version"[0m  [["version", "20211008211554"]]
  ↳ bin/rails:9
  [1m[35m (0.2ms)[0m  [1m[35mCOMMIT[0m
  ↳ bin/rails:9
  [1m[36mActiveRecord::InternalMetadata Load (0.5ms)[0m  [1m[34mSELECT  "ar_internal_metadata".* FROM "ar_internal_metadata" WHERE "ar_internal_metadata"."key" = $1 LIMIT $2[0m  [["key", "environment"], ["LIMIT", 1]]
  ↳ bin/rails:9
  [1m[35m (0.1ms)[0m  [1m[35mBEGIN[0m
  ↳ bin/rails:9
  [1m[36mActiveRecord::InternalMetadata Create (1.0ms)[0m  [1m[32mINSERT INTO "ar_internal_metadata" ("key", "value", "created_at", "updated_at") VALUES ($1, $2, $3, $4) RETURNING "key"[0m  [["key", "environment"], ["value", "development"], ["created_at", "2021-10-08 21:30:59.207878"], ["updated_at", "2021-10-08 21:30:59.207878"]]
  ↳ bin/rails:9
  [1m[35m (0.1ms)[0m  [1m[35mCOMMIT[0m
  ↳ bin/rails:9
  [1m[35m (0.1ms)[0m  [1m[34mSELECT pg_advisory_unlock(6463605370077759435)[0m
  ↳ bin/rails:9
  [1m[35m (0.3ms)[0m  [1m[34mSELECT "schema_migrations"."version" FROM "schema_migrations" ORDER BY "schema_migrations"."version" ASC[0m
  ↳ bin/rails:9
  [1m[35m (674.6ms)[0m  [1m[35mCREATE DATABASE "lotsocats_development" ENCODING = 'unicode'[0m
  ↳ bin/rails:9
  [1m[35m (524.7ms)[0m  [1m[35mCREATE DATABASE "lotsocats_test" ENCODING = 'unicode'[0m
  ↳ bin/rails:9
  [1m[35mSQL (3.6ms)[0m  [1m[35mCREATE EXTENSION IF NOT EXISTS "plpgsql"[0m
  ↳ db/schema.rb:16
  [1m[35m (2.2ms)[0m  [1m[35mDROP TABLE IF EXISTS "cats" CASCADE[0m
  ↳ db/schema.rb:18
  [1m[35m (127.8ms)[0m  [1m[35mCREATE TABLE "cats" ("id" bigserial primary key, "birth_date" date NOT NULL, "color" character varying NOT NULL, "name" character varying NOT NULL, "sex" character varying(1) NOT NULL, "description" text, "created_at" timestamp NOT NULL, "updated_at" timestamp NOT NULL)[0m
  ↳ db/schema.rb:18
  [1m[35m (53.4ms)[0m  [1m[35mCREATE TABLE "schema_migrations" ("version" character varying NOT NULL PRIMARY KEY)[0m
  ↳ db/schema.rb:13
  [1m[35m (4.9ms)[0m  [1m[34mSELECT "schema_migrations"."version" FROM "schema_migrations" ORDER BY "schema_migrations"."version" ASC[0m
  ↳ db/schema.rb:13
  [1m[35m (23.4ms)[0m  [1m[32mINSERT INTO "schema_migrations" (version) VALUES (20211008211554)[0m
  ↳ db/schema.rb:13
  [1m[35m (35.1ms)[0m  [1m[35mCREATE TABLE "ar_internal_metadata" ("key" character varying NOT NULL PRIMARY KEY, "value" character varying, "created_at" timestamp NOT NULL, "updated_at" timestamp NOT NULL)[0m
  ↳ db/schema.rb:13
  [1m[36mActiveRecord::InternalMetadata Load (2.5ms)[0m  [1m[34mSELECT  "ar_internal_metadata".* FROM "ar_internal_metadata" WHERE "ar_internal_metadata"."key" = $1 LIMIT $2[0m  [["key", "environment"], ["LIMIT", 1]]
  ↳ db/schema.rb:13
  [1m[35m (1.6ms)[0m  [1m[35mBEGIN[0m
  ↳ db/schema.rb:13
  [1m[36mActiveRecord::InternalMetadata Create (4.6ms)[0m  [1m[32mINSERT INTO "ar_internal_metadata" ("key", "value", "created_at", "updated_at") VALUES ($1, $2, $3, $4) RETURNING "key"[0m  [["key", "environment"], ["value", "development"], ["created_at", "2021-10-08 22:07:15.525888"], ["updated_at", "2021-10-08 22:07:15.525888"]]
  ↳ db/schema.rb:13
  [1m[35m (11.4ms)[0m  [1m[35mCOMMIT[0m
  ↳ db/schema.rb:13
  [1m[36mActiveRecord::InternalMetadata Load (2.0ms)[0m  [1m[34mSELECT  "ar_internal_metadata".* FROM "ar_internal_metadata" WHERE "ar_internal_metadata"."key" = $1 LIMIT $2[0m  [["key", "environment"], ["LIMIT", 1]]
  ↳ bin/rails:9
  [1m[35m (0.3ms)[0m  [1m[35mBEGIN[0m
  ↳ bin/rails:9
  [1m[35m (0.9ms)[0m  [1m[35mCOMMIT[0m
  ↳ bin/rails:9
  [1m[35mSQL (0.2ms)[0m  [1m[35mCREATE EXTENSION IF NOT EXISTS "plpgsql"[0m
  ↳ db/schema.rb:16
  [1m[35m (1.1ms)[0m  [1m[35mDROP TABLE IF EXISTS "cats" CASCADE[0m
  ↳ db/schema.rb:18
  [1m[35m (75.5ms)[0m  [1m[35mCREATE TABLE "cats" ("id" bigserial primary key, "birth_date" date NOT NULL, "color" character varying NOT NULL, "name" character varying NOT NULL, "sex" character varying(1) NOT NULL, "description" text, "created_at" timestamp NOT NULL, "updated_at" timestamp NOT NULL)[0m
  ↳ db/schema.rb:18
  [1m[35m (23.8ms)[0m  [1m[35mCREATE TABLE "schema_migrations" ("version" character varying NOT NULL PRIMARY KEY)[0m
  ↳ db/schema.rb:13
  [1m[35m (3.5ms)[0m  [1m[34mSELECT "schema_migrations"."version" FROM "schema_migrations" ORDER BY "schema_migrations"."version" ASC[0m
  ↳ db/schema.rb:13
  [1m[35m (10.2ms)[0m  [1m[32mINSERT INTO "schema_migrations" (version) VALUES (20211008211554)[0m
  ↳ db/schema.rb:13
  [1m[35m (44.6ms)[0m  [1m[35mCREATE TABLE "ar_internal_metadata" ("key" character varying NOT NULL PRIMARY KEY, "value" character varying, "created_at" timestamp NOT NULL, "updated_at" timestamp NOT NULL)[0m
  ↳ db/schema.rb:13
  [1m[36mActiveRecord::InternalMetadata Load (2.3ms)[0m  [1m[34mSELECT  "ar_internal_metadata".* FROM "ar_internal_metadata" WHERE "ar_internal_metadata"."key" = $1 LIMIT $2[0m  [["key", "environment"], ["LIMIT", 1]]
  ↳ db/schema.rb:13
  [1m[35m (1.4ms)[0m  [1m[35mBEGIN[0m
  ↳ db/schema.rb:13
  [1m[36mActiveRecord::InternalMetadata Create (2.3ms)[0m  [1m[32mINSERT INTO "ar_internal_metadata" ("key", "value", "created_at", "updated_at") VALUES ($1, $2, $3, $4) RETURNING "key"[0m  [["key", "environment"], ["value", "development"], ["created_at", "2021-10-08 22:07:16.001107"], ["updated_at", "2021-10-08 22:07:16.001107"]]
  ↳ db/schema.rb:13
  [1m[35m (6.5ms)[0m  [1m[35mCOMMIT[0m
  ↳ db/schema.rb:13
  [1m[36mActiveRecord::InternalMetadata Load (1.9ms)[0m  [1m[34mSELECT  "ar_internal_metadata".* FROM "ar_internal_metadata" WHERE "ar_internal_metadata"."key" = $1 LIMIT $2[0m  [["key", "environment"], ["LIMIT", 1]]
  ↳ bin/rails:9
  [1m[35m (2.0ms)[0m  [1m[35mBEGIN[0m
  ↳ bin/rails:9
  [1m[36mActiveRecord::InternalMetadata Update (2.4ms)[0m  [1m[33mUPDATE "ar_internal_metadata" SET "value" = $1, "updated_at" = $2 WHERE "ar_internal_metadata"."key" = $3[0m  [["value", "test"], ["updated_at", "2021-10-08 22:07:16.049252"], ["key", "environment"]]
  ↳ bin/rails:9
  [1m[35m (4.9ms)[0m  [1m[35mCOMMIT[0m
  ↳ bin/rails:9
  [1m[35m (0.4ms)[0m  [1m[34mSELECT "schema_migrations"."version" FROM "schema_migrations" ORDER BY "schema_migrations"."version" ASC[0m
  ↳ bin/rails:9
  [1m[35m (0.2ms)[0m  [1m[35mBEGIN[0m
  ↳ db/seeds.rb:9
  [1m[36mCat Create (0.7ms)[0m  [1m[32mINSERT INTO "cats" ("birth_date", "color", "name", "sex", "description", "created_at", "updated_at") VALUES ($1, $2, $3, $4, $5, $6, $7) RETURNING "id"[0m  [["birth_date", "2015-01-20"], ["color", "Red"], ["name", "Clifford"], ["sex", "M"], ["description", "clifford, the big red cat!"], ["created_at", "2021-10-08 22:07:16.233524"], ["updated_at", "2021-10-08 22:07:16.233524"]]
  ↳ db/seeds.rb:9
  [1m[35m (9.1ms)[0m  [1m[35mCOMMIT[0m
  ↳ db/seeds.rb:9
  [1m[35m (0.1ms)[0m  [1m[35mBEGIN[0m
  ↳ db/seeds.rb:9
  [1m[36mCat Create (0.3ms)[0m  [1m[32mINSERT INTO "cats" ("birth_date", "color", "name", "sex", "description", "created_at", "updated_at") VALUES ($1, $2, $3, $4, $5, $6, $7) RETURNING "id"[0m  [["birth_date", "2016-01-20"], ["color", "Blue"], ["name", "Garfield"], ["sex", "F"], ["description", "Loves lasagna!"], ["created_at", "2021-10-08 22:07:16.247400"], ["updated_at", "2021-10-08 22:07:16.247400"]]
  ↳ db/seeds.rb:9
  [1m[35m (1.6ms)[0m  [1m[35mCOMMIT[0m
  ↳ db/seeds.rb:9
  [1m[35m (0.2ms)[0m  [1m[35mBEGIN[0m
  ↳ db/seeds.rb:9
  [1m[36mCat Create (0.3ms)[0m  [1m[32mINSERT INTO "cats" ("birth_date", "color", "name", "sex", "description", "created_at", "updated_at") VALUES ($1, $2, $3, $4, $5, $6, $7) RETURNING "id"[0m  [["birth_date", "2017-01-20"], ["color", "Green"], ["name", "Yoshi"], ["sex", "F"], ["description", "I eat em up!"], ["created_at", "2021-10-08 22:07:16.252196"], ["updated_at", "2021-10-08 22:07:16.252196"]]
  ↳ db/seeds.rb:9
  [1m[35m (1.7ms)[0m  [1m[35mCOMMIT[0m
  ↳ db/seeds.rb:9
  [1m[35m (0.1ms)[0m  [1m[35mBEGIN[0m
  ↳ db/seeds.rb:9
  [1m[36mCat Create (0.3ms)[0m  [1m[32mINSERT INTO "cats" ("birth_date", "color", "name", "sex", "description", "created_at", "updated_at") VALUES ($1, $2, $3, $4, $5, $6, $7) RETURNING "id"[0m  [["birth_date", "2018-01-20"], ["color", "Red"], ["name", "Mike"], ["sex", "F"], ["description", "I'm the color red!"], ["created_at", "2021-10-08 22:07:16.256637"], ["updated_at", "2021-10-08 22:07:16.256637"]]
  ↳ db/seeds.rb:9
  [1m[35m (1.3ms)[0m  [1m[35mCOMMIT[0m
  ↳ db/seeds.rb:9
  [1m[35m (0.1ms)[0m  [1m[35mBEGIN[0m
  ↳ db/seeds.rb:9
  [1m[36mCat Create (0.3ms)[0m  [1m[32mINSERT INTO "cats" ("birth_date", "color", "name", "sex", "description", "created_at", "updated_at") VALUES ($1, $2, $3, $4, $5, $6, $7) RETURNING "id"[0m  [["birth_date", "2019-01-20"], ["color", "Blue"], ["name", "Charis"], ["sex", "M"], ["description", "Meowtime"], ["created_at", "2021-10-08 22:07:16.260499"], ["updated_at", "2021-10-08 22:07:16.260499"]]
  ↳ db/seeds.rb:9
  [1m[35m (1.3ms)[0m  [1m[35mCOMMIT[0m
  ↳ db/seeds.rb:9
  [1m[36mCat Load (0.5ms)[0m  [1m[34mSELECT "cats".* FROM "cats"[0m
Started GET "/cats" for ::1 at 2021-10-08 15:16:28 -0700
  [1m[35m (6.2ms)[0m  [1m[34mSELECT "schema_migrations"."version" FROM "schema_migrations" ORDER BY "schema_migrations"."version" ASC[0m
  ↳ /home/kenny/.rbenv/versions/2.5.1/lib/ruby/gems/2.5.0/gems/activerecord-5.2.6/lib/active_record/log_subscriber.rb:98
Processing by CatsController#index as */*
  Rendering cats/index.html.erb within layouts/application
  [1m[36mCat Load (3.8ms)[0m  [1m[34mSELECT "cats".* FROM "cats"[0m
  ↳ app/views/cats/index.html.erb:3
  Rendered cats/_cat.html.erb (4.2ms)
  Rendered cats/_cat.html.erb (0.2ms)
  Rendered cats/_cat.html.erb (0.6ms)
  Rendered cats/_cat.html.erb (1.1ms)
  Rendered cats/_cat.html.erb (1.2ms)
  Rendered cats/index.html.erb within layouts/application (24110.3ms)
Completed 200 OK in 41951ms (Views: 41125.0ms | ActiveRecord: 44.4ms)


Started GET "/cats" for ::1 at 2021-10-08 15:17:19 -0700
Processing by CatsController#index as HTML
  Rendering cats/index.html.erb within layouts/application
  [1m[36mCat Load (0.5ms)[0m  [1m[34mSELECT "cats".* FROM "cats"[0m
  ↳ app/views/cats/index.html.erb:3
  Rendered cats/_cat.html.erb (0.6ms)
  Rendered cats/_cat.html.erb (0.1ms)
  Rendered cats/_cat.html.erb (0.1ms)
  Rendered cats/_cat.html.erb (0.1ms)
  Rendered cats/_cat.html.erb (0.1ms)
  Rendered cats/index.html.erb within layouts/application (324.5ms)
Completed 200 OK in 812ms (Views: 811.3ms | ActiveRecord: 0.5ms)


Started GET "/cats" for ::1 at 2021-10-08 15:19:03 -0700
Processing by CatsController#index as HTML
  Rendering cats/index.html.erb within layouts/application
  [1m[36mCat Load (0.6ms)[0m  [1m[34mSELECT "cats".* FROM "cats"[0m
  ↳ app/views/cats/index.html.erb:4
  Rendered collection of cats/_cat.html.erb [5 times] (0.6ms)
  Rendered cats/index.html.erb within layouts/application (74.2ms)
Completed 200 OK in 738ms (Views: 736.1ms | ActiveRecord: 0.6ms)


Started GET "/cats" for ::1 at 2021-10-08 15:19:07 -0700
Processing by CatsController#index as HTML
  Rendering cats/index.html.erb within layouts/application
  [1m[36mCat Load (2.3ms)[0m  [1m[34mSELECT "cats".* FROM "cats"[0m
  ↳ app/views/cats/index.html.erb:4
  Rendered collection of cats/_cat.html.erb [5 times] (0.5ms)
  Rendered cats/index.html.erb within layouts/application (101.4ms)
Completed 200 OK in 673ms (Views: 670.0ms | ActiveRecord: 2.3ms)


Started GET "/cats" for ::1 at 2021-10-08 15:19:56 -0700
  [1m[35m (0.5ms)[0m  [1m[34mSELECT "schema_migrations"."version" FROM "schema_migrations" ORDER BY "schema_migrations"."version" ASC[0m
  ↳ /home/kenny/.rbenv/versions/2.5.1/lib/ruby/gems/2.5.0/gems/activerecord-5.2.6/lib/active_record/log_subscriber.rb:98
Processing by CatsController#index as HTML
  Rendering cats/index.html.erb within layouts/application
  [1m[36mCat Load (0.7ms)[0m  [1m[34mSELECT "cats".* FROM "cats"[0m
  ↳ app/views/cats/index.html.erb:4
  Rendered collection of cats/_cat.html.erb [5 times] (0.9ms)
  Rendered cats/index.html.erb within layouts/application (107.3ms)
Completed 200 OK in 1709ms (Views: 1589.4ms | ActiveRecord: 4.0ms)


Started GET "/cats" for ::1 at 2021-10-08 15:20:04 -0700
Processing by CatsController#index as */*
  Rendering cats/index.html.erb within layouts/application
  [1m[36mCat Load (2.6ms)[0m  [1m[34mSELECT "cats".* FROM "cats"[0m
  ↳ app/views/cats/index.html.erb:4
  Rendered collection of cats/_cat.html.erb [5 times] (0.6ms)
  Rendered cats/index.html.erb within layouts/application (1721.9ms)
Completed 200 OK in 4156ms (Views: 4152.1ms | ActiveRecord: 2.6ms)


Started GET "/cats" for ::1 at 2021-10-08 15:31:39 -0700
  [1m[35m (1.6ms)[0m  [1m[34mSELECT "schema_migrations"."version" FROM "schema_migrations" ORDER BY "schema_migrations"."version" ASC[0m
  ↳ /Users/nickraff/.rbenv/versions/2.5.1/lib/ruby/gems/2.5.0/gems/activerecord-5.2.6/lib/active_record/log_subscriber.rb:98
Processing by CatsController#index as HTML
  Rendering cats/index.html.erb within layouts/application
  [1m[36mCat Load (1.4ms)[0m  [1m[34mSELECT "cats".* FROM "cats"[0m
  ↳ app/views/cats/index.html.erb:4
  Rendered collection of templates [0 times] (0.0ms)
  Rendered cats/index.html.erb within layouts/application (10.2ms)
Completed 200 OK in 736ms (Views: 721.7ms | ActiveRecord: 7.5ms)


  [1m[35m (3.9ms)[0m  [1m[35mCREATE DATABASE "lotsocats_development" ENCODING = 'unicode'[0m
  ↳ bin/rails:9
  [1m[35m (1.2ms)[0m  [1m[35mCREATE DATABASE "lotsocats_test" ENCODING = 'unicode'[0m
  ↳ bin/rails:9
  [1m[35m (0.6ms)[0m  [1m[34mSELECT "schema_migrations"."version" FROM "schema_migrations" ORDER BY "schema_migrations"."version" ASC[0m
  ↳ bin/rails:9
  [1m[35m (0.4ms)[0m  [1m[34mSELECT "ar_internal_metadata"."value" FROM "ar_internal_metadata" WHERE "ar_internal_metadata"."key" = $1[0m  [["key", "environment"]]
  ↳ bin/rails:9
  [1m[35m (1.0ms)[0m  [1m[34mSELECT "schema_migrations"."version" FROM "schema_migrations" ORDER BY "schema_migrations"."version" ASC[0m
  ↳ bin/rails:9
  [1m[35m (0.3ms)[0m  [1m[34mSELECT "ar_internal_metadata"."value" FROM "ar_internal_metadata" WHERE "ar_internal_metadata"."key" = $1[0m  [["key", "environment"]]
  ↳ bin/rails:9
  [1m[35m (0.3ms)[0m  [1m[34mSELECT "schema_migrations"."version" FROM "schema_migrations" ORDER BY "schema_migrations"."version" ASC[0m
  ↳ bin/rails:9
  [1m[35m (0.2ms)[0m  [1m[34mSELECT "ar_internal_metadata"."value" FROM "ar_internal_metadata" WHERE "ar_internal_metadata"."key" = $1[0m  [["key", "environment"]]
  ↳ bin/rails:9
  [1m[35mSQL (1.0ms)[0m  [1m[35mCREATE EXTENSION IF NOT EXISTS "plpgsql"[0m
  ↳ db/schema.rb:16
  [1m[35m (5.8ms)[0m  [1m[35mDROP TABLE IF EXISTS "cats" CASCADE[0m
  ↳ db/schema.rb:18
  [1m[35m (4.0ms)[0m  [1m[35mCREATE TABLE "cats" ("id" bigserial primary key, "birth_date" date NOT NULL, "color" character varying NOT NULL, "name" character varying NOT NULL, "sex" character varying(1) NOT NULL, "description" text, "created_at" timestamp NOT NULL, "updated_at" timestamp NOT NULL)[0m
  ↳ db/schema.rb:18
  [1m[35m (0.9ms)[0m  [1m[34mSELECT "schema_migrations"."version" FROM "schema_migrations" ORDER BY "schema_migrations"."version" ASC[0m
  ↳ db/schema.rb:13
  [1m[36mActiveRecord::InternalMetadata Load (0.9ms)[0m  [1m[34mSELECT  "ar_internal_metadata".* FROM "ar_internal_metadata" WHERE "ar_internal_metadata"."key" = $1 LIMIT $2[0m  [["key", "environment"], ["LIMIT", 1]]
  ↳ db/schema.rb:13
  [1m[35m (0.1ms)[0m  [1m[35mBEGIN[0m
  ↳ db/schema.rb:13
  [1m[35m (0.1ms)[0m  [1m[35mCOMMIT[0m
  ↳ db/schema.rb:13
  [1m[36mActiveRecord::InternalMetadata Load (0.2ms)[0m  [1m[34mSELECT  "ar_internal_metadata".* FROM "ar_internal_metadata" WHERE "ar_internal_metadata"."key" = $1 LIMIT $2[0m  [["key", "environment"], ["LIMIT", 1]]
  ↳ bin/rails:9
  [1m[35m (0.1ms)[0m  [1m[35mBEGIN[0m
  ↳ bin/rails:9
  [1m[35m (0.1ms)[0m  [1m[35mCOMMIT[0m
  ↳ bin/rails:9
  [1m[35mSQL (1.5ms)[0m  [1m[35mCREATE EXTENSION IF NOT EXISTS "plpgsql"[0m
  ↳ db/schema.rb:16
  [1m[35m (0.2ms)[0m  [1m[35mDROP TABLE IF EXISTS "cats" CASCADE[0m
  ↳ db/schema.rb:18
  [1m[35m (11.7ms)[0m  [1m[35mCREATE TABLE "cats" ("id" bigserial primary key, "birth_date" date NOT NULL, "color" character varying NOT NULL, "name" character varying NOT NULL, "sex" character varying(1) NOT NULL, "description" text, "created_at" timestamp NOT NULL, "updated_at" timestamp NOT NULL)[0m
  ↳ db/schema.rb:18
  [1m[35m (2.4ms)[0m  [1m[35mCREATE TABLE "schema_migrations" ("version" character varying NOT NULL PRIMARY KEY)[0m
  ↳ db/schema.rb:13
  [1m[35m (0.5ms)[0m  [1m[34mSELECT "schema_migrations"."version" FROM "schema_migrations" ORDER BY "schema_migrations"."version" ASC[0m
  ↳ db/schema.rb:13
  [1m[35m (0.3ms)[0m  [1m[32mINSERT INTO "schema_migrations" (version) VALUES (20211008211554)[0m
  ↳ db/schema.rb:13
  [1m[35m (2.4ms)[0m  [1m[35mCREATE TABLE "ar_internal_metadata" ("key" character varying NOT NULL PRIMARY KEY, "value" character varying, "created_at" timestamp NOT NULL, "updated_at" timestamp NOT NULL)[0m
  ↳ db/schema.rb:13
  [1m[36mActiveRecord::InternalMetadata Load (0.3ms)[0m  [1m[34mSELECT  "ar_internal_metadata".* FROM "ar_internal_metadata" WHERE "ar_internal_metadata"."key" = $1 LIMIT $2[0m  [["key", "environment"], ["LIMIT", 1]]
  ↳ db/schema.rb:13
  [1m[35m (0.1ms)[0m  [1m[35mBEGIN[0m
  ↳ db/schema.rb:13
  [1m[36mActiveRecord::InternalMetadata Create (0.5ms)[0m  [1m[32mINSERT INTO "ar_internal_metadata" ("key", "value", "created_at", "updated_at") VALUES ($1, $2, $3, $4) RETURNING "key"[0m  [["key", "environment"], ["value", "development"], ["created_at", "2021-10-08 22:32:46.642677"], ["updated_at", "2021-10-08 22:32:46.642677"]]
  ↳ db/schema.rb:13
  [1m[35m (0.2ms)[0m  [1m[35mCOMMIT[0m
  ↳ db/schema.rb:13
  [1m[36mActiveRecord::InternalMetadata Load (0.2ms)[0m  [1m[34mSELECT  "ar_internal_metadata".* FROM "ar_internal_metadata" WHERE "ar_internal_metadata"."key" = $1 LIMIT $2[0m  [["key", "environment"], ["LIMIT", 1]]
  ↳ bin/rails:9
  [1m[35m (0.0ms)[0m  [1m[35mBEGIN[0m
  ↳ bin/rails:9
  [1m[36mActiveRecord::InternalMetadata Update (0.5ms)[0m  [1m[33mUPDATE "ar_internal_metadata" SET "value" = $1, "updated_at" = $2 WHERE "ar_internal_metadata"."key" = $3[0m  [["value", "test"], ["updated_at", "2021-10-08 22:32:46.646344"], ["key", "environment"]]
  ↳ bin/rails:9
  [1m[35m (0.1ms)[0m  [1m[35mCOMMIT[0m
  ↳ bin/rails:9
  [1m[35m (0.6ms)[0m  [1m[34mSELECT "schema_migrations"."version" FROM "schema_migrations" ORDER BY "schema_migrations"."version" ASC[0m
  ↳ bin/rails:9
  [1m[35m (0.1ms)[0m  [1m[35mBEGIN[0m
  ↳ db/seeds.rb:9
  [1m[36mCat Create (1.2ms)[0m  [1m[32mINSERT INTO "cats" ("birth_date", "color", "name", "sex", "description", "created_at", "updated_at") VALUES ($1, $2, $3, $4, $5, $6, $7) RETURNING "id"[0m  [["birth_date", "2015-01-20"], ["color", "Red"], ["name", "Clifford"], ["sex", "M"], ["description", "clifford, the big red cat!"], ["created_at", "2021-10-08 22:32:46.679998"], ["updated_at", "2021-10-08 22:32:46.679998"]]
  ↳ db/seeds.rb:9
  [1m[35m (0.2ms)[0m  [1m[35mCOMMIT[0m
  ↳ db/seeds.rb:9
  [1m[35m (0.0ms)[0m  [1m[35mBEGIN[0m
  ↳ db/seeds.rb:9
  [1m[36mCat Create (0.3ms)[0m  [1m[32mINSERT INTO "cats" ("birth_date", "color", "name", "sex", "description", "created_at", "updated_at") VALUES ($1, $2, $3, $4, $5, $6, $7) RETURNING "id"[0m  [["birth_date", "2016-01-20"], ["color", "Blue"], ["name", "Garfield"], ["sex", "F"], ["description", "Loves lasagna!"], ["created_at", "2021-10-08 22:32:46.683282"], ["updated_at", "2021-10-08 22:32:46.683282"]]
  ↳ db/seeds.rb:9
  [1m[35m (0.1ms)[0m  [1m[35mCOMMIT[0m
  ↳ db/seeds.rb:9
  [1m[35m (0.1ms)[0m  [1m[35mBEGIN[0m
  ↳ db/seeds.rb:9
  [1m[36mCat Create (0.2ms)[0m  [1m[32mINSERT INTO "cats" ("birth_date", "color", "name", "sex", "description", "created_at", "updated_at") VALUES ($1, $2, $3, $4, $5, $6, $7) RETURNING "id"[0m  [["birth_date", "2017-01-20"], ["color", "Green"], ["name", "Yoshi"], ["sex", "F"], ["description", "I eat em up!"], ["created_at", "2021-10-08 22:32:46.684646"], ["updated_at", "2021-10-08 22:32:46.684646"]]
  ↳ db/seeds.rb:9
  [1m[35m (0.1ms)[0m  [1m[35mCOMMIT[0m
  ↳ db/seeds.rb:9
  [1m[35m (0.0ms)[0m  [1m[35mBEGIN[0m
  ↳ db/seeds.rb:9
  [1m[36mCat Create (0.2ms)[0m  [1m[32mINSERT INTO "cats" ("birth_date", "color", "name", "sex", "description", "created_at", "updated_at") VALUES ($1, $2, $3, $4, $5, $6, $7) RETURNING "id"[0m  [["birth_date", "2018-01-20"], ["color", "Red"], ["name", "Mike"], ["sex", "F"], ["description", "I'm the color red!"], ["created_at", "2021-10-08 22:32:46.685907"], ["updated_at", "2021-10-08 22:32:46.685907"]]
  ↳ db/seeds.rb:9
  [1m[35m (0.1ms)[0m  [1m[35mCOMMIT[0m
  ↳ db/seeds.rb:9
  [1m[35m (0.1ms)[0m  [1m[35mBEGIN[0m
  ↳ db/seeds.rb:9
  [1m[36mCat Create (0.2ms)[0m  [1m[32mINSERT INTO "cats" ("birth_date", "color", "name", "sex", "description", "created_at", "updated_at") VALUES ($1, $2, $3, $4, $5, $6, $7) RETURNING "id"[0m  [["birth_date", "2019-01-20"], ["color", "Blue"], ["name", "Charis"], ["sex", "M"], ["description", "Meowtime"], ["created_at", "2021-10-08 22:32:46.687108"], ["updated_at", "2021-10-08 22:32:46.687108"]]
  ↳ db/seeds.rb:9
  [1m[35m (0.1ms)[0m  [1m[35mCOMMIT[0m
  ↳ db/seeds.rb:9
Started GET "/cats" for ::1 at 2021-10-08 15:32:56 -0700
  [1m[35m (1.6ms)[0m  [1m[34mSELECT "schema_migrations"."version" FROM "schema_migrations" ORDER BY "schema_migrations"."version" ASC[0m
  ↳ /Users/nickraff/.rbenv/versions/2.5.1/lib/ruby/gems/2.5.0/gems/activerecord-5.2.6/lib/active_record/log_subscriber.rb:98
Processing by CatsController#index as HTML
  Rendering cats/index.html.erb within layouts/application
  [1m[36mCat Load (1.1ms)[0m  [1m[34mSELECT "cats".* FROM "cats"[0m
  ↳ app/views/cats/index.html.erb:4
  Rendered collection of cats/_cat.html.erb [5 times] (0.6ms)
  Rendered cats/index.html.erb within layouts/application (29.4ms)
Completed 200 OK in 135ms (Views: 113.0ms | ActiveRecord: 16.3ms)


Started GET "/cats/1" for ::1 at 2021-10-08 15:33:18 -0700
Processing by CatsController#show as HTML
  Parameters: {"id"=>"1"}
  [1m[36mCat Load (0.8ms)[0m  [1m[34mSELECT  "cats".* FROM "cats" WHERE "cats"."id" = $1 LIMIT $2[0m  [["id", 1], ["LIMIT", 1]]
  ↳ app/controllers/cats_controller.rb:9
  Rendering cats/show.html.erb within layouts/application
  Rendered cats/show.html.erb within layouts/application (164.9ms)
Completed 500 Internal Server Error in 180ms (ActiveRecord: 1.1ms)



NameError - undefined local variable or method `cat' for #<#<Class:0x00007f9534258638>:0x00007f9535866ec0>
Did you mean?  catch:
  app/views/cats/show.html.erb:1:in `_app_views_cats_show_html_erb__3199566561129437986_70139412425780'
  app/controllers/cats_controller.rb:10:in `show'

Started POST "/__better_errors/584bc6185c456a65/variables" for ::1 at 2021-10-08 15:33:19 -0700
Started GET "/cats/1" for ::1 at 2021-10-08 15:34:40 -0700
Processing by CatsController#show as HTML
  Parameters: {"id"=>"1"}
  [1m[36mCat Load (0.3ms)[0m  [1m[34mSELECT  "cats".* FROM "cats" WHERE "cats"."id" = $1 LIMIT $2[0m  [["id", 1], ["LIMIT", 1]]
  ↳ app/controllers/cats_controller.rb:9
  Rendering cats/show.html.erb within layouts/application
  Rendered cats/_cat.html.erb (0.3ms)
  Rendered cats/show.html.erb within layouts/application (2.0ms)
Completed 200 OK in 38ms (Views: 17.1ms | ActiveRecord: 12.4ms)


Started GET "/cats/4" for ::1 at 2021-10-08 15:34:48 -0700
Processing by CatsController#show as HTML
  Parameters: {"id"=>"4"}
  [1m[36mCat Load (0.5ms)[0m  [1m[34mSELECT  "cats".* FROM "cats" WHERE "cats"."id" = $1 LIMIT $2[0m  [["id", 4], ["LIMIT", 1]]
  ↳ app/controllers/cats_controller.rb:9
  Rendering cats/show.html.erb within layouts/application
  Rendered cats/_cat.html.erb (0.4ms)
  Rendered cats/show.html.erb within layouts/application (2.2ms)
Completed 200 OK in 15ms (Views: 14.0ms | ActiveRecord: 0.5ms)


Started GET "/cats" for ::1 at 2021-10-08 15:40:44 -0700
Processing by CatsController#index as HTML
  Rendering cats/index.html.erb within layouts/application
  [1m[36mCat Load (1.5ms)[0m  [1m[34mSELECT "cats".* FROM "cats"[0m
  ↳ app/views/cats/index.html.erb:5
  Rendered cats/_cat.html.erb (0.5ms)
  Rendered cats/_cat.html.erb (0.1ms)
  Rendered cats/_cat.html.erb (0.1ms)
  Rendered cats/_cat.html.erb (0.1ms)
  Rendered cats/_cat.html.erb (0.1ms)
  Rendered cats/index.html.erb within layouts/application (13.8ms)
Completed 200 OK in 32ms (Views: 30.0ms | ActiveRecord: 1.5ms)


Started GET "/cats" for ::1 at 2021-10-08 16:05:41 -0700
Processing by CatsController#index as HTML
  Rendering cats/index.html.erb within layouts/application
  [1m[36mCat Load (1.6ms)[0m  [1m[34mSELECT "cats".* FROM "cats"[0m
  ↳ app/views/cats/index.html.erb:5
  Rendered cats/_cat.html.erb (0.7ms)
  Rendered cats/_cat.html.erb (0.1ms)
  Rendered cats/_cat.html.erb (0.1ms)
  Rendered cats/_cat.html.erb (0.1ms)
  Rendered cats/_cat.html.erb (0.1ms)
  Rendered cats/index.html.erb within layouts/application (14.9ms)
Completed 200 OK in 33ms (Views: 30.9ms | ActiveRecord: 1.6ms)


Started GET "/cats" for ::1 at 2021-10-08 16:06:25 -0700
  [1m[35m (2.2ms)[0m  [1m[34mSELECT "schema_migrations"."version" FROM "schema_migrations" ORDER BY "schema_migrations"."version" ASC[0m
  ↳ /Users/nickraff/.rbenv/versions/2.5.1/lib/ruby/gems/2.5.0/gems/activerecord-5.2.6/lib/active_record/log_subscriber.rb:98
Processing by CatsController#index as HTML
  Rendering cats/index.html.erb within layouts/application
  [1m[36mCat Load (1.3ms)[0m  [1m[34mSELECT "cats".* FROM "cats"[0m
  ↳ app/views/cats/index.html.erb:5
  Rendered cats/_cat.html.erb (0.4ms)
  Rendered cats/_cat.html.erb (0.0ms)
  Rendered cats/_cat.html.erb (0.0ms)
  Rendered cats/_cat.html.erb (0.0ms)
  Rendered cats/_cat.html.erb (0.0ms)
  Rendered cats/index.html.erb within layouts/application (33.6ms)
Completed 200 OK in 135ms (Views: 113.9ms | ActiveRecord: 15.8ms)


Started GET "/cats" for ::1 at 2021-10-08 16:07:07 -0700
Processing by CatsController#index as HTML
  Rendering cats/index.html.erb within layouts/application
  [1m[36mCat Load (0.7ms)[0m  [1m[34mSELECT "cats".* FROM "cats"[0m
  ↳ app/views/cats/index.html.erb:5
  Rendered cats/_cat.html.erb (0.9ms)
  Rendered cats/_cat.html.erb (0.2ms)
  Rendered cats/_cat.html.erb (0.1ms)
  Rendered cats/_cat.html.erb (0.1ms)
  Rendered cats/_cat.html.erb (0.1ms)
  Rendered cats/index.html.erb within layouts/application (23.8ms)
Completed 200 OK in 47ms (Views: 45.8ms | ActiveRecord: 0.7ms)


Started GET "/cats/1" for ::1 at 2021-10-08 16:07:26 -0700
Processing by CatsController#show as HTML
  Parameters: {"id"=>"1"}
  [1m[36mCat Load (0.5ms)[0m  [1m[34mSELECT  "cats".* FROM "cats" WHERE "cats"."id" = $1 LIMIT $2[0m  [["id", 1], ["LIMIT", 1]]
  ↳ app/controllers/cats_controller.rb:9
  Rendering cats/show.html.erb within layouts/application
  Rendered cats/_cat.html.erb (0.4ms)
  Rendered cats/show.html.erb within layouts/application (2.6ms)
Completed 200 OK in 40ms (Views: 19.9ms | ActiveRecord: 0.9ms)


Started GET "/cats/2" for ::1 at 2021-10-08 16:07:31 -0700
Processing by CatsController#show as HTML
  Parameters: {"id"=>"2"}
  [1m[36mCat Load (0.6ms)[0m  [1m[34mSELECT  "cats".* FROM "cats" WHERE "cats"."id" = $1 LIMIT $2[0m  [["id", 2], ["LIMIT", 1]]
  ↳ app/controllers/cats_controller.rb:9
  Rendering cats/show.html.erb within layouts/application
  Rendered cats/_cat.html.erb (1.7ms)
  Rendered cats/show.html.erb within layouts/application (6.8ms)
Completed 200 OK in 40ms (Views: 37.9ms | ActiveRecord: 0.6ms)


Started GET "/cats/3" for ::1 at 2021-10-08 16:07:35 -0700
Processing by CatsController#show as HTML
  Parameters: {"id"=>"3"}
  [1m[36mCat Load (0.6ms)[0m  [1m[34mSELECT  "cats".* FROM "cats" WHERE "cats"."id" = $1 LIMIT $2[0m  [["id", 3], ["LIMIT", 1]]
  ↳ app/controllers/cats_controller.rb:9
  Rendering cats/show.html.erb within layouts/application
  Rendered cats/_cat.html.erb (1.0ms)
  Rendered cats/show.html.erb within layouts/application (5.7ms)
Completed 200 OK in 44ms (Views: 42.3ms | ActiveRecord: 0.6ms)


Started GET "/cats" for ::1 at 2021-10-08 16:08:40 -0700
Processing by CatsController#index as HTML
  Rendering cats/index.html.erb within layouts/application
  [1m[36mCat Load (0.7ms)[0m  [1m[34mSELECT "cats".* FROM "cats"[0m
  ↳ app/views/cats/index.html.erb:5
  Rendered cats/_cat.html.erb (1.2ms)
  Rendered cats/_cat.html.erb (0.2ms)
  Rendered cats/_cat.html.erb (0.1ms)
  Rendered cats/_cat.html.erb (0.1ms)
  Rendered cats/_cat.html.erb (0.1ms)
  Rendered cats/index.html.erb within layouts/application (24.1ms)
Completed 200 OK in 51ms (Views: 49.3ms | ActiveRecord: 0.7ms)


Started GET "/cats" for ::1 at 2021-10-08 16:08:43 -0700
Processing by CatsController#index as HTML
  Rendering cats/index.html.erb within layouts/application
  [1m[36mCat Load (0.7ms)[0m  [1m[34mSELECT "cats".* FROM "cats"[0m
  ↳ app/views/cats/index.html.erb:5
  Rendered cats/_cat.html.erb (0.5ms)
  Rendered cats/_cat.html.erb (0.1ms)
  Rendered cats/_cat.html.erb (0.1ms)
  Rendered cats/_cat.html.erb (0.0ms)
  Rendered cats/_cat.html.erb (0.1ms)
  Rendered cats/index.html.erb within layouts/application (14.6ms)
Completed 200 OK in 39ms (Views: 37.3ms | ActiveRecord: 0.7ms)


Started GET "/cats" for ::1 at 2021-10-08 16:08:44 -0700
Processing by CatsController#index as HTML
  Rendering cats/index.html.erb within layouts/application
  [1m[36mCat Load (0.7ms)[0m  [1m[34mSELECT "cats".* FROM "cats"[0m
  ↳ app/views/cats/index.html.erb:5
  Rendered cats/_cat.html.erb (2.0ms)
  Rendered cats/_cat.html.erb (0.2ms)
  Rendered cats/_cat.html.erb (0.1ms)
  Rendered cats/_cat.html.erb (0.1ms)
  Rendered cats/_cat.html.erb (0.1ms)
  Rendered cats/index.html.erb within layouts/application (23.9ms)
Completed 200 OK in 50ms (Views: 48.0ms | ActiveRecord: 0.7ms)


Started GET "/cats" for ::1 at 2021-10-08 16:11:22 -0700
Processing by CatsController#index as HTML
  Rendering cats/index.html.erb within layouts/application
  [1m[36mCat Load (1.1ms)[0m  [1m[34mSELECT "cats".* FROM "cats"[0m
  ↳ app/views/cats/index.html.erb:5
  Rendered cats/_cat.html.erb (0.8ms)
  Rendered cats/_cat.html.erb (0.1ms)
  Rendered cats/_cat.html.erb (0.2ms)
  Rendered cats/_cat.html.erb (0.1ms)
  Rendered cats/_cat.html.erb (0.1ms)
  Rendered cats/index.html.erb within layouts/application (20.9ms)
Completed 200 OK in 49ms (Views: 47.2ms | ActiveRecord: 1.1ms)


Started GET "/cats/1" for ::1 at 2021-10-08 16:11:27 -0700
Processing by CatsController#show as HTML
  Parameters: {"id"=>"1"}
  [1m[36mCat Load (1.1ms)[0m  [1m[34mSELECT  "cats".* FROM "cats" WHERE "cats"."id" = $1 LIMIT $2[0m  [["id", 1], ["LIMIT", 1]]
  ↳ app/controllers/cats_controller.rb:9
  Rendering cats/show.html.erb within layouts/application
  Rendered cats/_cat.html.erb (0.9ms)
  Rendered cats/show.html.erb within layouts/application (6.6ms)
Completed 200 OK in 35ms (Views: 31.6ms | ActiveRecord: 1.1ms)


Started GET "/cats/2" for ::1 at 2021-10-08 16:11:30 -0700
Processing by CatsController#show as HTML
  Parameters: {"id"=>"2"}
  [1m[36mCat Load (0.7ms)[0m  [1m[34mSELECT  "cats".* FROM "cats" WHERE "cats"."id" = $1 LIMIT $2[0m  [["id", 2], ["LIMIT", 1]]
  ↳ app/controllers/cats_controller.rb:9
  Rendering cats/show.html.erb within layouts/application
  Rendered cats/_cat.html.erb (0.8ms)
  Rendered cats/show.html.erb within layouts/application (5.8ms)
Completed 200 OK in 32ms (Views: 29.6ms | ActiveRecord: 0.7ms)


Started GET "/cats" for ::1 at 2021-10-08 16:24:43 -0700
  [1m[35m (0.7ms)[0m  [1m[34mSELECT "schema_migrations"."version" FROM "schema_migrations" ORDER BY "schema_migrations"."version" ASC[0m
  ↳ /home/kenny/.rbenv/versions/2.5.1/lib/ruby/gems/2.5.0/gems/activerecord-5.2.6/lib/active_record/log_subscriber.rb:98
Processing by CatsController#index as HTML
  Rendering cats/index.html.erb within layouts/application
  [1m[36mCat Load (0.8ms)[0m  [1m[34mSELECT "cats".* FROM "cats"[0m
  ↳ app/views/cats/index.html.erb:5
  Rendered cats/_cat.html.erb (1.1ms)
  Rendered cats/_cat.html.erb (1.2ms)
  Rendered cats/_cat.html.erb (0.6ms)
  Rendered cats/_cat.html.erb (1.3ms)
  Rendered cats/_cat.html.erb (0.2ms)
  Rendered cats/index.html.erb within layouts/application (1910.1ms)
Completed 200 OK in 8141ms (Views: 7798.7ms | ActiveRecord: 28.4ms)


Started GET "/cats/1" for ::1 at 2021-10-08 16:25:00 -0700
Processing by CatsController#show as HTML
  Parameters: {"id"=>"1"}
  [1m[36mCat Load (2.2ms)[0m  [1m[34mSELECT  "cats".* FROM "cats" WHERE "cats"."id" = $1 LIMIT $2[0m  [["id", 1], ["LIMIT", 1]]
  ↳ app/controllers/cats_controller.rb:9
  Rendering cats/show.html.erb within layouts/application
  Rendered cats/_cat.html.erb (4.6ms)
  Rendered cats/show.html.erb within layouts/application (329.3ms)
Completed 200 OK in 2344ms (Views: 2315.0ms | ActiveRecord: 2.7ms)


Started GET "/cats" for ::1 at 2021-10-08 16:25:09 -0700
Processing by CatsController#index as HTML
  Rendering cats/index.html.erb within layouts/application
  [1m[36mCat Load (2.9ms)[0m  [1m[34mSELECT "cats".* FROM "cats"[0m
  ↳ app/views/cats/index.html.erb:5
  Rendered cats/_cat.html.erb (4.3ms)
  Rendered cats/_cat.html.erb (0.2ms)
  Rendered cats/_cat.html.erb (1.4ms)
  Rendered cats/_cat.html.erb (2.2ms)
  Rendered cats/_cat.html.erb (1.3ms)
  Rendered cats/index.html.erb within layouts/application (3519.2ms)
Completed 200 OK in 6726ms (Views: 6719.9ms | ActiveRecord: 2.9ms)


Started GET "/cats" for ::1 at 2021-10-08 16:32:52 -0700
  [1m[35m (1.4ms)[0m  [1m[34mSELECT "schema_migrations"."version" FROM "schema_migrations" ORDER BY "schema_migrations"."version" ASC[0m
  ↳ /Users/nickraff/.rbenv/versions/2.5.1/lib/ruby/gems/2.5.0/gems/activerecord-5.2.6/lib/active_record/log_subscriber.rb:98
Processing by CatsController#index as HTML
  Rendering cats/index.html.erb within layouts/application
  [1m[36mCat Load (1.1ms)[0m  [1m[34mSELECT "cats".* FROM "cats"[0m
  ↳ app/views/cats/index.html.erb:5
  Rendered cats/_cat.html.erb (0.7ms)
  Rendered cats/_cat.html.erb (0.3ms)
  Rendered cats/_cat.html.erb (0.1ms)
  Rendered cats/_cat.html.erb (0.1ms)
  Rendered cats/_cat.html.erb (0.1ms)
  Rendered cats/index.html.erb within layouts/application (29.6ms)
Completed 200 OK in 712ms (Views: 691.9ms | ActiveRecord: 14.7ms)


Started GET "/cats" for ::1 at 2021-10-08 16:40:13 -0700
Processing by CatsController#index as HTML
  Rendering cats/index.html.erb within layouts/application
  [1m[36mCat Load (1.6ms)[0m  [1m[34mSELECT "cats".* FROM "cats"[0m
  ↳ app/views/cats/index.html.erb:5
  Rendered cats/_cat.html.erb (1.5ms)
  Rendered cats/_cat.html.erb (0.3ms)
  Rendered cats/_cat.html.erb (0.1ms)
  Rendered cats/_cat.html.erb (0.1ms)
  Rendered cats/_cat.html.erb (0.1ms)
  Rendered cats/index.html.erb within layouts/application (22.3ms)
Completed 200 OK in 52ms (Views: 49.2ms | ActiveRecord: 1.6ms)


Started GET "/cats" for ::1 at 2021-10-08 16:44:32 -0700
Processing by CatsController#index as HTML
  Rendering cats/index.html.erb within layouts/application
  [1m[36mCat Load (0.7ms)[0m  [1m[34mSELECT "cats".* FROM "cats"[0m
  ↳ app/views/cats/index.html.erb:5
  Rendered cats/_cat.html.erb (1.2ms)
  Rendered cats/_cat.html.erb (0.4ms)
  Rendered cats/_cat.html.erb (0.3ms)
  Rendered cats/_cat.html.erb (0.2ms)
  Rendered cats/_cat.html.erb (0.1ms)
  Rendered cats/index.html.erb within layouts/application (20.6ms)
Completed 200 OK in 44ms (Views: 43.0ms | ActiveRecord: 0.7ms)


Started GET "/cats" for ::1 at 2021-10-08 16:46:00 -0700
Processing by CatsController#index as HTML
  Rendering cats/index.html.erb within layouts/application
  [1m[36mCat Load (0.9ms)[0m  [1m[34mSELECT "cats".* FROM "cats"[0m
  ↳ app/views/cats/index.html.erb:5
  Rendered cats/_cat.html.erb (1.3ms)
  Rendered cats/_cat.html.erb (0.3ms)
  Rendered cats/_cat.html.erb (0.1ms)
  Rendered cats/_cat.html.erb (0.1ms)
  Rendered cats/_cat.html.erb (0.1ms)
  Rendered cats/index.html.erb within layouts/application (17.5ms)
Completed 200 OK in 42ms (Views: 40.4ms | ActiveRecord: 0.9ms)


Started GET "/cats" for ::1 at 2021-10-08 16:52:48 -0700
Processing by CatsController#index as HTML
  Rendering cats/index.html.erb within layouts/application
  [1m[36mCat Load (1.6ms)[0m  [1m[34mSELECT "cats".* FROM "cats"[0m
  ↳ app/views/cats/index.html.erb:5
  Rendered cats/_cat.html.erb (1.6ms)
  Rendered cats/_cat.html.erb (0.2ms)
  Rendered cats/_cat.html.erb (0.1ms)
  Rendered cats/_cat.html.erb (0.1ms)
  Rendered cats/_cat.html.erb (0.1ms)
  Rendered cats/index.html.erb within layouts/application (17.7ms)
Completed 200 OK in 39ms (Views: 36.6ms | ActiveRecord: 1.6ms)


Started GET "/cats" for ::1 at 2021-10-08 16:56:31 -0700
Processing by CatsController#index as HTML
  Rendering cats/index.html.erb within layouts/application
  [1m[36mCat Load (1.5ms)[0m  [1m[34mSELECT "cats".* FROM "cats"[0m
  ↳ app/views/cats/index.html.erb:5
  Rendered cats/_cat.html.erb (0.5ms)
  Rendered cats/_cat.html.erb (0.1ms)
  Rendered cats/_cat.html.erb (0.1ms)
  Rendered cats/_cat.html.erb (0.1ms)
  Rendered cats/_cat.html.erb (0.1ms)
  Rendered cats/index.html.erb within layouts/application (15.4ms)
Completed 200 OK in 45ms (Views: 43.1ms | ActiveRecord: 1.5ms)


Started GET "/cats" for ::1 at 2021-10-08 16:58:49 -0700
Processing by CatsController#index as HTML
  Rendering cats/index.html.erb within layouts/application
  [1m[36mCat Load (1.2ms)[0m  [1m[34mSELECT "cats".* FROM "cats"[0m
  ↳ app/views/cats/index.html.erb:19
  Rendered cats/_cat.html.erb (1.7ms)
  Rendered cats/_cat.html.erb (0.2ms)
  Rendered cats/_cat.html.erb (0.1ms)
  Rendered cats/_cat.html.erb (0.1ms)
  Rendered cats/_cat.html.erb (0.1ms)
  Rendered cats/index.html.erb within layouts/application (24.5ms)
Completed 200 OK in 46ms (Views: 44.2ms | ActiveRecord: 1.2ms)


Started GET "/cats" for ::1 at 2021-10-08 16:59:10 -0700
Processing by CatsController#index as HTML
  Rendering cats/index.html.erb within layouts/application
  [1m[36mCat Load (0.7ms)[0m  [1m[34mSELECT "cats".* FROM "cats"[0m
  ↳ app/views/cats/index.html.erb:15
  Rendered cats/_cat.html.erb (1.1ms)
  Rendered cats/_cat.html.erb (0.4ms)
  Rendered cats/_cat.html.erb (0.2ms)
  Rendered cats/_cat.html.erb (0.2ms)
  Rendered cats/_cat.html.erb (0.1ms)
  Rendered cats/index.html.erb within layouts/application (17.9ms)
Completed 200 OK in 39ms (Views: 37.5ms | ActiveRecord: 0.7ms)


